Importing plotly failed. Interactive plots will not work.
08:17:22 - cmdstanpy - INFO - Chain [1] start processing
08:17:27 - cmdstanpy - INFO - Chain [1] done processing
Loading data...
Merging datasets...
Cleaning and standardizing...
Aggregating to monthly revenue...

Total months of data: 24
order_purchase_timestamp
2016-09-30       134.97
2016-10-31     40325.11
2016-11-30         0.00
2016-12-31        10.90
2017-01-31    111798.36
Freq: ME, Name: price, dtype: float64

--- Dickey-Fuller Test ---
Test Statistic                 -1.481557
p-value                         0.542614
#Lags Used                      1.000000
Number of Observations Used    22.000000
Critical Value (1%)            -3.769733
Critical Value (5%)            -3.005426
Critical Value (10%)           -2.642501
dtype: float64
Conclusion: Weak evidence against null hypothesis, time series has a unit root, indicating it is non-stationary.
Applying first-order differencing...

--- Evaluating Models ---

Training on 18 months, Testing on 6 months...
Training ARIMA...
Training SARIMA...
Training Prophet...

--- Model Performance ---
ARIMA: MAE=45285.14, RMSE=63520.79
SARIMA: MAE=206642.72, RMSE=238068.30
Prophet: MAE=303690.01, RMSE=437132.66

Forecasting next 12 months using SARIMA (assuming it handles seasonality well)...

Saved plot to revenue_forecast.png
